<?xml version="1.0" encoding="UTF-8"?>
<!-- Generated by org.testng.reporters.JUnitReportReporter -->
<testsuite hostname="LAPTOP-E5V544TN" name="SimpleGetTest1" tests="1" failures="0" timestamp="3 Aug 2018 07:47:11 GMT" time="2.841" errors="0">
  <testcase name="GetWeatherDetails" time="2.841" classname="SimpleGetTest1"/>
</testsuite> <!-- SimpleGetTest1 -->
