<?xml version="1.0" encoding="UTF-8"?>
<!-- Generated by org.testng.reporters.JUnitReportReporter -->
<testsuite hostname="LAPTOP-E5V544TN" name="SimpleGetTest1" tests="1" failures="0" timestamp="1 Aug 2018 13:08:10 GMT" time="5.181" errors="0">
  <testcase name="GetWeatherDetails" time="5.181" classname="SimpleGetTest1"/>
</testsuite> <!-- SimpleGetTest1 -->
